[03:01:51] [INFO] received Windows console close event; shutting log-core down
[03:02:23] [INFO] received Windows console close event; shutting log-core down
[03:02:49] [INFO] received Windows console close event; shutting log-core down
[03:03:20] [INFO] received Windows console close event; shutting log-core down
[03:03:30] [INFO] received Windows console close event; shutting log-core down
[03:07:58] [INFO] received Windows console close event; shutting log-core down
[03:09:27] [INFO] received Windows console close event; shutting log-core down
[03:10:34] [INFO] received Windows console close event; shutting log-core down
[03:18:50] [INFO] received Windows console close event; shutting log-core down
[03:20:09] [INFO] received Windows console close event; shutting log-core down
[03:37:41] [INFO] received Windows console close event; shutting log-core down
[03:38:34] [INFO] received Windows console close event; shutting log-core down
[03:39:44] [INFO] received Windows console close event; shutting log-core down
[03:39:56] [INFO] received Windows console close event; shutting log-core down
[03:40:07] [INFO] received Windows console close event; shutting log-core down
[03:40:17] [INFO] received Windows console close event; shutting log-core down
[03:40:20] [INFO] received Windows console close event; shutting log-core down
[03:49:31] [INFO] received Windows console close event; shutting log-core down
[03:50:12] [INFO] received Windows console close event; shutting log-core down
[03:50:31] [INFO] received Windows console close event; shutting log-core down
[03:50:48] [INFO] received Windows console close event; shutting log-core down
[03:52:21] [INFO] received Windows console close event; shutting log-core down
[03:52:57] [INFO] received Windows console close event; shutting log-core down
[04:52:44] [INFO] received Windows console close event; shutting log-core down
[05:10:22] [INFO] received Windows console close event; shutting log-core down
[05:11:01] [INFO] received Windows console close event; shutting log-core down
[05:28:25] [INFO] received Windows console close event; shutting log-core down
[22:56:43] [INFO] received Windows console close event; shutting log-core down
[23:00:36] [INFO] received Windows console close event; shutting log-core down
[23:04:53] [INFO] received Windows console close event; shutting log-core down
[23:12:36] [INFO] received Windows console close event; shutting log-core down
[20:48:56] [INFO] received Windows console close event; shutting log-core down
[20:52:05] [INFO] received Windows console close event; shutting log-core down
[20:56:08] [INFO] received Windows console close event; shutting log-core down
[22:24:36] [INFO] received Windows console close event; shutting log-core down
[22:27:38] [INFO] received Windows console close event; shutting log-core down
[22:46:02] [INFO] received Windows console close event; shutting log-core down
[22:55:10] [INFO] received Windows console close event; shutting log-core down
[23:03:24] [INFO] received Windows console close event; shutting log-core down
[16:53:04] [INFO] received Windows console close event; shutting log-core down
[16:59:05] [INFO] received Windows console close event; shutting log-core down
[17:11:17] [INFO] received Windows console close event; shutting log-core down
[17:11:26] [INFO] received Windows console close event; shutting log-core down
[18:03:37] [INFO] received Windows console close event; shutting log-core down
[18:11:27] [INFO] received Windows console close event; shutting log-core down
[18:12:20] [INFO] received Windows console close event; shutting log-core down
[18:23:43] [INFO] received Windows console close event; shutting log-core down
[18:25:48] [INFO] received Windows console close event; shutting log-core down
[16:26:59] [INFO] received Windows console close event; shutting log-core down
[16:37:29] [INFO] received Windows console close event; shutting log-core down
[17:51:18] [INFO] received Windows console close event; shutting log-core down
[20:55:11] [INFO] received Windows console close event; shutting log-core down
[21:19:54] [INFO] received Windows console close event; shutting log-core down
[21:29:47] [INFO] received Windows console close event; shutting log-core down
[21:41:47] [INFO] received Windows console close event; shutting log-core down
[21:51:51] [INFO] received Windows console close event; shutting log-core down
[21:59:12] [INFO] received Windows console close event; shutting log-core down
[22:11:26] [INFO] received Windows console close event; shutting log-core down
[22:46:23] [INFO] received Windows console close event; shutting log-core down
[22:48:09] [INFO] received Windows console close event; shutting log-core down
[23:01:19] [INFO] received Windows console close event; shutting log-core down
[23:10:16] [INFO] received Windows console close event; shutting log-core down
[18:56:11] [INFO] received Windows console close event; shutting log-core down
[22:13:32] [INFO] received Windows console close event; shutting log-core down
[22:40:29] [INFO] received Windows console close event; shutting log-core down
[21:10:07] [INFO] received Windows console close event; shutting log-core down
[22:12:35] [INFO] received Windows console close event; shutting log-core down
[22:31:10] [INFO] received Windows console close event; shutting log-core down
[22:36:14] [INFO] received Windows console close event; shutting log-core down
[22:43:02] [INFO] received Windows console close event; shutting log-core down
[17:42:01] [INFO] received Windows console close event; shutting log-core down
[07:32:09] [ERROR] exception 0XC0000005 (ACCESS_VIOLATION) from Vectored Exception Handler catched; shutting log-core down
[07:32:16] [ERROR] exception 0XC0000005 (ACCESS_VIOLATION) from Vectored Exception Handler catched; shutting log-core down
[07:36:28] [ERROR] exception 0XC0000005 (ACCESS_VIOLATION) from Vectored Exception Handler catched; shutting log-core down
[07:36:33] [ERROR] exception 0XC0000005 (ACCESS_VIOLATION) from Vectored Exception Handler catched; shutting log-core down
[07:37:05] [ERROR] exception 0XC0000005 (ACCESS_VIOLATION) from Vectored Exception Handler catched; shutting log-core down
[07:37:37] [ERROR] exception 0XC0000005 (ACCESS_VIOLATION) from Vectored Exception Handler catched; shutting log-core down
[07:39:03] [ERROR] exception 0XC0000005 (ACCESS_VIOLATION) from Vectored Exception Handler catched; shutting log-core down
[07:39:45] [ERROR] exception 0XC0000005 (ACCESS_VIOLATION) from Vectored Exception Handler catched; shutting log-core down
[07:39:49] [ERROR] exception 0XC0000005 (ACCESS_VIOLATION) from Vectored Exception Handler catched; shutting log-core down
[07:40:47] [ERROR] exception 0XC0000005 (ACCESS_VIOLATION) from Vectored Exception Handler catched; shutting log-core down
[07:41:49] [ERROR] exception 0XC0000005 (ACCESS_VIOLATION) from Vectored Exception Handler catched; shutting log-core down
[07:43:23] [ERROR] exception 0XC0000005 (ACCESS_VIOLATION) from Vectored Exception Handler catched; shutting log-core down
[07:43:45] [ERROR] exception 0XC0000005 (ACCESS_VIOLATION) from Vectored Exception Handler catched; shutting log-core down
[07:44:08] [ERROR] exception 0XC0000005 (ACCESS_VIOLATION) from Vectored Exception Handler catched; shutting log-core down
[07:44:40] [ERROR] exception 0XC0000005 (ACCESS_VIOLATION) from Vectored Exception Handler catched; shutting log-core down
[07:44:57] [ERROR] exception 0XC0000005 (ACCESS_VIOLATION) from Vectored Exception Handler catched; shutting log-core down
[07:45:12] [INFO] received Windows console close event; shutting log-core down
[07:45:21] [ERROR] exception 0XC0000005 (ACCESS_VIOLATION) from Vectored Exception Handler catched; shutting log-core down
[07:46:00] [ERROR] exception 0XC0000005 (ACCESS_VIOLATION) from Vectored Exception Handler catched; shutting log-core down
[07:46:39] [ERROR] exception 0XC0000005 (ACCESS_VIOLATION) from Vectored Exception Handler catched; shutting log-core down
[07:46:43] [ERROR] exception 0XC0000005 (ACCESS_VIOLATION) from Vectored Exception Handler catched; shutting log-core down
[07:53:21] [INFO] received Windows console close event; shutting log-core down
[08:54:37] [INFO] received Windows console close event; shutting log-core down
[09:06:58] [INFO] received Windows console close event; shutting log-core down
[09:17:03] [INFO] received Windows console close event; shutting log-core down
[09:32:48] [INFO] received Windows console close event; shutting log-core down
[09:32:58] [INFO] received Windows console close event; shutting log-core down
[09:35:01] [INFO] received Windows console close event; shutting log-core down
[09:36:40] [INFO] received Windows console close event; shutting log-core down
[18:23:27] [INFO] received Windows console close event; shutting log-core down
[18:38:06] [INFO] received Windows console close event; shutting log-core down
[19:03:26] [INFO] received Windows console close event; shutting log-core down
[19:34:35] [INFO] received Windows console close event; shutting log-core down
[00:50:24] [INFO] received Windows console close event; shutting log-core down
[00:51:53] [INFO] received Windows console close event; shutting log-core down
[00:56:01] [INFO] received Windows console close event; shutting log-core down
[00:56:27] [ERROR] exception 0XC0000005 (ACCESS_VIOLATION) from Vectored Exception Handler catched; shutting log-core down
[00:56:31] [ERROR] exception 0XC0000005 (ACCESS_VIOLATION) from Vectored Exception Handler catched; shutting log-core down
[00:57:21] [ERROR] exception 0XC0000005 (ACCESS_VIOLATION) from Vectored Exception Handler catched; shutting log-core down
[00:57:33] [ERROR] exception 0XC0000005 (ACCESS_VIOLATION) from Vectored Exception Handler catched; shutting log-core down
[00:57:34] [ERROR] exception 0XC0000005 (ACCESS_VIOLATION) from Vectored Exception Handler catched; shutting log-core down
[00:57:56] [ERROR] exception 0XC0000005 (ACCESS_VIOLATION) from Vectored Exception Handler catched; shutting log-core down
[00:58:26] [ERROR] exception 0XC0000005 (ACCESS_VIOLATION) from Vectored Exception Handler catched; shutting log-core down
[00:58:42] [ERROR] exception 0XC0000005 (ACCESS_VIOLATION) from Vectored Exception Handler catched; shutting log-core down
[01:09:42] [INFO] received Windows console close event; shutting log-core down
[20:17:52] [INFO] received Windows console close event; shutting log-core down
[20:21:50] [INFO] received Windows console close event; shutting log-core down
[20:23:02] [INFO] received Windows console close event; shutting log-core down
[22:47:58] [INFO] received Windows console close event; shutting log-core down
[22:49:45] [INFO] received Windows console close event; shutting log-core down
[22:56:52] [INFO] received Windows console close event; shutting log-core down
[23:04:40] [INFO] received Windows console close event; shutting log-core down
[23:07:24] [INFO] received Windows console close event; shutting log-core down
[23:21:46] [INFO] received Windows console close event; shutting log-core down
[23:29:47] [INFO] received Windows console close event; shutting log-core down
[23:30:32] [INFO] received Windows console close event; shutting log-core down
[23:31:34] [INFO] received Windows console close event; shutting log-core down
[23:36:52] [INFO] received Windows console close event; shutting log-core down
[03:10:09] [INFO] received Windows console close event; shutting log-core down
[03:16:38] [INFO] received Windows console close event; shutting log-core down
[03:20:20] [INFO] received Windows console close event; shutting log-core down
[03:20:49] [INFO] received Windows console close event; shutting log-core down
[03:22:17] [INFO] received Windows console close event; shutting log-core down
[5/19/2026 3:24:25 AM] [INFO] received Windows console close event; shutting log-core down
[5/19/2026 3:29:05 AM] [INFO] received Windows console close event; shutting log-core down
[5/19/2026 3:45:03 AM] [INFO] received Windows console close event; shutting log-core down
[5/19/2026 4:16:28 AM] [INFO] received Windows console close event; shutting log-core down
[5/19/2026 4:30:08 AM] [INFO] received Windows console close event; shutting log-core down
[5/19/2026 4:41:36 AM] [INFO] received Windows console close event; shutting log-core down
[5/19/2026 4:45:23 AM] [INFO] received Windows console close event; shutting log-core down
[5/19/2026 4:47:29 AM] [INFO] received Windows console close event; shutting log-core down
[5/19/2026 4:51:29 AM] [INFO] received Windows console close event; shutting log-core down
[5/19/2026 4:53:27 AM] [INFO] received Windows console close event; shutting log-core down
[5/19/2026 4:55:24 AM] [INFO] received Windows console close event; shutting log-core down
[5/19/2026 4:57:24 AM] [INFO] received Windows console close event; shutting log-core down
[5/19/2026 4:58:36 AM] [ERROR] exception 0XC0000005 (ACCESS_VIOLATION) from Vectored Exception Handler catched; shutting log-core down
[5/19/2026 4:59:04 AM] [ERROR] exception 0XC0000005 (ACCESS_VIOLATION) from Vectored Exception Handler catched; shutting log-core down
[5/19/2026 5:02:44 AM] [ERROR] exception 0XC0000005 (ACCESS_VIOLATION) from Vectored Exception Handler catched; shutting log-core down
[5/19/2026 5:14:24 AM] [INFO] received Windows console close event; shutting log-core down
[5/19/2026 12:50:05 PM] [INFO] received Windows console close event; shutting log-core down
[5/19/2026 12:50:29 PM] [INFO] received Windows console close event; shutting log-core down
[5/19/2026 1:09:34 PM] [INFO] received Windows console close event; shutting log-core down
