[2019/7/28 - 17:24:04] AdmCmd: Master Vu has made Master Vu an Executive Administrator.
[2019/7/30 - 16:33:04] AdmCmd: Master Vua has made Master Vua an Executive Administrator.
[2019/7/30 - 16:50:30] AdmCmd: Master Vua has made Master Vua an Executive Administrator.
[2019/7/30 - 16:57:30] AdmCmd: Master Vua has removed Master Vua's administrator rank.
[2019/7/30 - 16:58:13] AdmCmd: Master Vua has made Master Vua an Executive Administrator.
[2019/7/30 - 17:20:38] AdmCmd: Master Vua has given nos to Master Vua(2)
[2019/7/30 - 17:24:21] AdmCmd: Master Vua has given nos to Master Vua(2)
[2019/7/30 - 17:27:38] AdmCmd: Master Vua has given nos to Master Vua(2)
[2019/7/30 - 21:34:19] AdmCmd: Master Vu has made Master Vu an Executive Administrator.
[2019/7/30 - 22:33:28] AdmCmd: Master Vua has made Master Vua an Executive Administrator.
[2019/7/31 - 18:49:01] AdmCmd: Master has made Master Vu an undefined level administrator.
[2019/7/31 - 18:55:40] AdmCmd: DDSale: Auth: Master DD sale (Seller:Master) (DD:1) (F:$1,000,000) (P:$1,000,000) (TO: (Master Vu)).
[2019/8/4 - 22:25:36] AdmCmd: Hoang Vu has made Hoang Vu an Executive Administrator.
[2019/8/4 - 22:34:47] AdmCmd: Hoang Vu nha duoc phe duyet ID 2778's yeu cau danh sach nha (chu so huu: Hoang Vu).
[2020/7/17 - 17:30:07] AdmCmd: Hoang Vuaaaa has made Hoang Vuaaaa an Executive Administrator.
[2020/7/17 - 17:32:37] AdmCmd: Hoang Vuaaaa has given nos to Hoang Vuaaaa(9)
[2020/7/18 - 7:57:51] AdmCmd: Master Vu has made Master Vu an Executive Administrator.
[2020/7/18 - 9:02:03] AdmCmd: Master Vuaa has made Master Vuaa an Executive Administrator.
[2020/7/18 - 9:11:29] AdmCmd: Master Vu(9) has been revived by Master Vu
[2020/7/18 - 9:11:32] AdmCmd: Master Vu(9) has been revived by Master Vu
[2020/7/19 - 18:29:51] AdmCmd: Master Vu has made Master Vu an Executive Administrator.
[2026/5/17 - 23:36:42] AdmCmd: Miho Ikuyo has given nos to Miho Ikuyo(9)
