[2019/7/28 - 17:44:33] Master Vu has edited Job Point 0's type from Tax Consultant to Pizzaboy.
[2019/7/28 - 17:44:35] Master Vu has edited Job Point 0's Position (B: 0.000000, 0.000000, 0.000000 | A: 2099.906738, -1784.059204, 13.397306)
[2019/7/30 - 17:08:32] Master Vua has edited Job Point 0's type from Tax Consultant to Pizzaboy.
[2019/7/30 - 17:08:34] Master Vua has edited Job Point 0's Position (B: 0.000000, 0.000000, 0.000000 | A: 2100.977783, -1784.634277, 13.394691)
[2019/7/30 - 17:17:41] Master Vua has edited Job Point 1's type from Tax Consultant to Shipment Contractor.
[2019/7/30 - 17:17:42] Master Vua has edited Job Point 1's Position (B: 0.000000, 0.000000, 0.000000 | A: -1562.882080, 126.075927, 3.554687)
[2019/7/30 - 21:38:30] Master Vu has edited Job Point 0's type from Tax Consultant to Pizzaboy.
[2019/7/30 - 21:38:31] Master Vu has edited Job Point 0's Position (B: 0.000000, 0.000000, 0.000000 | A: 2101.721191, -1785.150268, 13.392875)
[2020/7/19 - 19:19:25] Master Vu has edited Job ID 17's name from Taxi Driver to Cong Nhan
[2020/7/19 - 19:19:30] Master Vu has edited Job ID 1's name from Detective to Tham Tu
[2020/7/19 - 19:19:35] Master Vu has edited Job ID 2's name from Lawyer to Luat Su
[2020/7/19 - 19:19:41] Master Vu has edited Job ID 7's name from Mechanic to Tho Sua Xe
[2020/7/19 - 19:19:47] Master Vu has edited Job ID 8's name from Bodyguard to Ve Si
[2020/7/19 - 19:19:59] Master Vu has edited Job ID 9's name from Weapon Dealer to Che tao vu khi
[2020/7/19 - 19:20:06] Master Vu has edited Job ID 9's name from Che tao vu khi to Ban Vu Khi
[2020/7/19 - 19:20:15] Master Vu has edited Job ID 12's name from Boxer to Vo si
[2020/7/19 - 19:20:17] Master Vu has edited Job ID 1's name from Tham Tu to Tham tu
[2020/7/19 - 19:20:19] Master Vu has edited Job ID 2's name from Luat Su to Luat su
[2020/7/19 - 19:20:25] Master Vu has edited Job ID 7's name from Tho Sua Xe to Tho sua xe
[2020/7/19 - 19:20:29] Master Vu has edited Job ID 8's name from Ve Si to Ve si
[2020/7/19 - 19:20:32] Master Vu has edited Job ID 9's name from Ban Vu Khi to Ban vu khi
[2020/7/19 - 19:20:38] Master Vu has edited Job ID 17's name from Cong Nhan to Cong nhan
[2020/7/19 - 19:20:42] Master Vu has edited Job ID 18's name from Craftsman to Tho thu cong
[2020/7/19 - 19:20:51] Master Vu has edited Job ID 21's name from Pizzaboy to Pizza boy
[2020/7/19 - 19:20:55] Master Vu has edited Job ID 20's name from Shipment Contractor to Trucker
[2020/7/19 - 19:21:16] Master Vu has edited Job Point 1's type from Tax Consultant to Tham tu.
[2020/7/19 - 19:21:18] Master Vu has edited Job Point 1's Position (B: 0.000000, 0.000000, 0.000000 | A: 1483.528930, -1772.642333, 15.329612)
[2020/7/19 - 19:22:13] Master Vu has edited Job Point 1's type from Tham tu to Luat su.
[2020/7/19 - 19:22:33] Master Vu has edited Job Point 2's type from Tax Consultant to Tham tu.
[2020/7/19 - 19:22:36] Master Vu has edited Job Point 2's Position (B: 0.000000, 0.000000, 0.000000 | A: 1546.077026, -1669.522583, 13.566724)
[2020/7/19 - 19:25:16] Master Vu has edited Job Point 3's type from Tax Consultant to Ban vu khi.
[2020/7/19 - 19:25:18] Master Vu has edited Job Point 3's Position (B: 0.000000, 0.000000, 0.000000 | A: 1366.276367, -1276.250610, 13.546875)
[2020/7/19 - 19:25:25] Master Vu has edited Job Point 3's level from 1 to 3
[2020/7/19 - 19:27:16] Master Vu has edited Job Point 4's type from Tax Consultant to Pizza boy.
[2020/7/19 - 19:27:18] Master Vu has edited Job Point 4's Position (B: 0.000000, 0.000000, 0.000000 | A: -1719.135864, 1365.889770, 7.187500)
[2020/7/19 - 19:29:18] Master Vu has edited Job Point 5's type from Tax Consultant to Trucker.
[2020/7/19 - 19:29:19] Master Vu has edited Job Point 5's Position (B: 0.000000, 0.000000, 0.000000 | A: -1556.428588, 128.834472, 3.554687)
[2020/7/19 - 19:30:12] Master Vu has edited Job Point 6's type from Tax Consultant to Ban vu khi.
[2020/7/19 - 19:30:13] Master Vu has edited Job Point 6's Position (B: 0.000000, 0.000000, 0.000000 | A: -2623.367919, 209.483718, 4.684037)
[2020/7/19 - 19:30:16] Master Vu has edited Job Point 6's level from 1 to 3
[2020/7/19 - 19:30:56] Master Vu has edited Job Point 7's type from Tax Consultant to Tho thu cong.
[2020/7/19 - 19:30:59] Master Vu has edited Job Point 7's Position (B: 0.000000, 0.000000, 0.000000 | A: 2200.493896, -1970.164794, 13.784131)
[2020/7/19 - 19:31:00] Master Vu has edited Job Point 7's level from 1 to 2
[2020/7/19 - 19:31:56] Master Vu has edited Job Point 8's type from Tax Consultant to Ve si.
[2020/7/19 - 19:31:58] Master Vu has edited Job Point 8's Position (B: 0.000000, 0.000000, 0.000000 | A: 1099.952636, -1506.760009, 15.796875)
[2020/7/19 - 19:32:20] Master Vu has edited Job Point 9's type from Tax Consultant to Vo si.
[2020/7/19 - 19:32:22] Master Vu has edited Job Point 9's Position (B: 0.000000, 0.000000, 0.000000 | A: 2227.678710, -1718.529174, 13.520775)
[2020/7/19 - 19:33:01] Master Vu has edited Job Point 10's type from Tax Consultant to Trashman.
[2020/7/19 - 19:33:02] Master Vu has edited Job Point 10's Position (B: 0.000000, 0.000000, 0.000000 | A: 2428.563964, -2101.405273, 13.546875)
[2020/7/19 - 19:33:11] Master Vu has edited Job ID 23's name from Trashman to Don rac
[2020/7/19 - 19:33:18] Master Vu has edited Job ID 23's name from Don rac to Nguoi don rac
